The target system is: Generic -  - 
The host system is: Linux - 5.15.0-97-generic - x86_64
Compiling the C compiler identification source file "CMakeCCompilerId.c" succeeded.
Compiler: /home/student/.platformio/packages/toolchain-xtensa-esp32s2/bin/xtensa-esp32s2-elf-gcc 
Build flags: -mlongcalls;
Id flags:  

The output was:
0


Compilation of the C compiler identification source "CMakeCCompilerId.c" produced "a.out"

The C compiler identification is GNU, found in "/home/student/Documents/PlatformIO/Projects/esps2/.pio/build/nodemcu-32s2/CMakeFiles/3.16.4/CompilerIdC/a.out"

Compiling the CXX compiler identification source file "CMakeCXXCompilerId.cpp" succeeded.
Compiler: /home/student/.platformio/packages/toolchain-xtensa-esp32s2/bin/xtensa-esp32s2-elf-g++ 
Build flags: -mlongcalls;
Id flags:  

The output was:
0


Compilation of the CXX compiler identification source "CMakeCXXCompilerId.cpp" produced "a.out"

The CXX compiler identification is GNU, found in "/home/student/Documents/PlatformIO/Projects/esps2/.pio/build/nodemcu-32s2/CMakeFiles/3.16.4/CompilerIdCXX/a.out"

Checking whether the ASM compiler is GNU using "--version" matched "(GNU assembler)|(GCC)|(Free Software Foundation)":
xtensa-esp32s2-elf-gcc (crosstool-NG esp-12.2.0_20230208) 12.2.0
Copyright (C) 2022 Free Software Foundation, Inc.
This is free software; see the source for copying conditions.  There is NO
warranty; not even for MERCHANTABILITY or FITNESS FOR A PARTICULAR PURPOSE.

Determining if the C compiler works passed with the following output:
Change Dir: /home/student/Documents/PlatformIO/Projects/esps2/.pio/build/nodemcu-32s2/CMakeFiles/CMakeTmp

Run Build Command(s):/home/student/.platformio/packages/tool-ninja/ninja cmTC_38ba8 && [1/2] Building C object CMakeFiles/cmTC_38ba8.dir/testCCompiler.c.obj
[2/2] Linking C executable cmTC_38ba8



Detecting C compiler ABI info compiled with the following output:
Change Dir: /home/student/Documents/PlatformIO/Projects/esps2/.pio/build/nodemcu-32s2/CMakeFiles/CMakeTmp

Run Build Command(s):/home/student/.platformio/packages/tool-ninja/ninja cmTC_4b4c3 && [1/2] Building C object CMakeFiles/cmTC_4b4c3.dir/CMakeCCompilerABI.c.obj
Using built-in specs.
COLLECT_GCC=/home/student/.platformio/packages/toolchain-xtensa-esp32s2/bin/xtensa-esp32s2-elf-gcc
Target: xtensa-esp32s2-elf
Configured with: /builds/idf/crosstool-NG/.build/xtensa-esp32s2-elf/src/gcc/configure --build=x86_64-build_pc-linux-gnu --host=x86_64-build_pc-linux-gnu --target=xtensa-esp32s2-elf --prefix=/builds/idf/crosstool-NG/builds/xtensa-esp32s2-elf --exec_prefix=/builds/idf/crosstool-NG/builds/xtensa-esp32s2-elf --with-local-prefix=/builds/idf/crosstool-NG/builds/xtensa-esp32s2-elf/xtensa-esp32s2-elf --with-headers=/builds/idf/crosstool-NG/builds/xtensa-esp32s2-elf/xtensa-esp32s2-elf/include --with-newlib --enable-threads=no --disable-shared --with-pkgversion='crosstool-NG esp-12.2.0_20230208' --disable-__cxa_atexit --enable-cxx-flags=-ffunction-sections --disable-libgomp --disable-libmudflap --disable-libmpx --disable-libssp --disable-libquadmath --disable-libquadmath-support --disable-libstdcxx-verbose --with-gmp=/builds/idf/crosstool-NG/.build/xtensa-esp32s2-elf/buildtools --with-mpfr=/builds/idf/crosstool-NG/.build/xtensa-esp32s2-elf/buildtools --with-mpc=/builds/idf/crosstool-NG/.build/xtensa-esp32s2-elf/buildtools --with-isl=/builds/idf/crosstool-NG/.build/xtensa-esp32s2-elf/buildtools --enable-lto --enable-target-optspace --without-long-double-128 --disable-nls --enable-multiarch --enable-languages=c,c++ --disable-libstdcxx-verbose --enable-threads=posix --enable-gcov-custom-rtio --enable-libstdcxx-time=yes
Thread model: posix
Supported LTO compression algorithms: zlib
gcc version 12.2.0 (crosstool-NG esp-12.2.0_20230208) 
COLLECT_GCC_OPTIONS='-mlongcalls' '-v' '-o' 'CMakeFiles/cmTC_4b4c3.dir/CMakeCCompilerABI.c.obj' '-c' '-dumpdir' 'CMakeFiles/cmTC_4b4c3.dir/'
 /home/student/.platformio/packages/toolchain-xtensa-esp32s2/bin/../libexec/gcc/xtensa-esp32s2-elf/12.2.0/cc1 -quiet -v -iprefix /home/student/.platformio/packages/toolchain-xtensa-esp32s2/bin/../lib/gcc/xtensa-esp32s2-elf/12.2.0/ /home/student/.platformio/packages/tool-cmake/share/cmake-3.16/Modules/CMakeCCompilerABI.c -quiet -dumpdir CMakeFiles/cmTC_4b4c3.dir/ -dumpbase CMakeCCompilerABI.c.c -dumpbase-ext .c -mlongcalls -version -o /tmp/ccPLU4hJ.s
GNU C17 (crosstool-NG esp-12.2.0_20230208) version 12.2.0 (xtensa-esp32s2-elf)
	compiled by GNU C version 4.9.2, GMP version 6.2.1, MPFR version 4.1.0, MPC version 1.2.1, isl version isl-0.24-GMP

GGC heuristics: --param ggc-min-expand=100 --param ggc-min-heapsize=131072
ignoring duplicate directory "/home/student/.platformio/packages/toolchain-xtensa-esp32s2/bin/../lib/gcc/../../lib/gcc/xtensa-esp32s2-elf/12.2.0/include"
ignoring duplicate directory "/home/student/.platformio/packages/toolchain-xtensa-esp32s2/bin/../lib/gcc/../../lib/gcc/xtensa-esp32s2-elf/12.2.0/include-fixed"
ignoring duplicate directory "/home/student/.platformio/packages/toolchain-xtensa-esp32s2/bin/../lib/gcc/../../lib/gcc/xtensa-esp32s2-elf/12.2.0/../../../../xtensa-esp32s2-elf/sys-include"
ignoring duplicate directory "/home/student/.platformio/packages/toolchain-xtensa-esp32s2/bin/../lib/gcc/../../lib/gcc/xtensa-esp32s2-elf/12.2.0/../../../../xtensa-esp32s2-elf/include"
#include "..." search starts here:
#include <...> search starts here:
 /home/student/.platformio/packages/toolchain-xtensa-esp32s2/bin/../lib/gcc/xtensa-esp32s2-elf/12.2.0/include
 /home/student/.platformio/packages/toolchain-xtensa-esp32s2/bin/../lib/gcc/xtensa-esp32s2-elf/12.2.0/include-fixed
 /home/student/.platformio/packages/toolchain-xtensa-esp32s2/bin/../lib/gcc/xtensa-esp32s2-elf/12.2.0/../../../../xtensa-esp32s2-elf/sys-include
 /home/student/.platformio/packages/toolchain-xtensa-esp32s2/bin/../lib/gcc/xtensa-esp32s2-elf/12.2.0/../../../../xtensa-esp32s2-elf/include
End of search list.
GNU C17 (crosstool-NG esp-12.2.0_20230208) version 12.2.0 (xtensa-esp32s2-elf)
	compiled by GNU C version 4.9.2, GMP version 6.2.1, MPFR version 4.1.0, MPC version 1.2.1, isl version isl-0.24-GMP

GGC heuristics: --param ggc-min-expand=100 --param ggc-min-heapsize=131072
Compiler executable checksum: f9e1a8db536f9c2ee6f9fe56b21d3d42
COLLECT_GCC_OPTIONS='-mlongcalls' '-v' '-o' 'CMakeFiles/cmTC_4b4c3.dir/CMakeCCompilerABI.c.obj' '-c' '-dumpdir' 'CMakeFiles/cmTC_4b4c3.dir/'
 /home/student/.platformio/packages/toolchain-xtensa-esp32s2/bin/../lib/gcc/xtensa-esp32s2-elf/12.2.0/../../../../xtensa-esp32s2-elf/bin/as --traditional-format --longcalls -o CMakeFiles/cmTC_4b4c3.dir/CMakeCCompilerABI.c.obj /tmp/ccPLU4hJ.s
COMPILER_PATH=/home/student/.platformio/packages/toolchain-xtensa-esp32s2/bin/../libexec/gcc/xtensa-esp32s2-elf/12.2.0/:/home/student/.platformio/packages/toolchain-xtensa-esp32s2/bin/../libexec/gcc/:/home/student/.platformio/packages/toolchain-xtensa-esp32s2/bin/../lib/gcc/xtensa-esp32s2-elf/12.2.0/../../../../xtensa-esp32s2-elf/bin/
LIBRARY_PATH=/home/student/.platformio/packages/toolchain-xtensa-esp32s2/bin/../lib/gcc/xtensa-esp32s2-elf/12.2.0/:/home/student/.platformio/packages/toolchain-xtensa-esp32s2/bin/../lib/gcc/:/home/student/.platformio/packages/toolchain-xtensa-esp32s2/bin/../lib/gcc/xtensa-esp32s2-elf/12.2.0/../../../../xtensa-esp32s2-elf/lib/
COLLECT_GCC_OPTIONS='-mlongcalls' '-v' '-o' 'CMakeFiles/cmTC_4b4c3.dir/CMakeCCompilerABI.c.obj' '-c' '-dumpdir' 'CMakeFiles/cmTC_4b4c3.dir/CMakeCCompilerABI.c.'
[2/2] Linking C executable cmTC_4b4c3
Using built-in specs.
COLLECT_GCC=/home/student/.platformio/packages/toolchain-xtensa-esp32s2/bin/xtensa-esp32s2-elf-gcc
COLLECT_LTO_WRAPPER=/home/student/.platformio/packages/toolchain-xtensa-esp32s2/bin/../libexec/gcc/xtensa-esp32s2-elf/12.2.0/lto-wrapper
Target: xtensa-esp32s2-elf
Configured with: /builds/idf/crosstool-NG/.build/xtensa-esp32s2-elf/src/gcc/configure --build=x86_64-build_pc-linux-gnu --host=x86_64-build_pc-linux-gnu --target=xtensa-esp32s2-elf --prefix=/builds/idf/crosstool-NG/builds/xtensa-esp32s2-elf --exec_prefix=/builds/idf/crosstool-NG/builds/xtensa-esp32s2-elf --with-local-prefix=/builds/idf/crosstool-NG/builds/xtensa-esp32s2-elf/xtensa-esp32s2-elf --with-headers=/builds/idf/crosstool-NG/builds/xtensa-esp32s2-elf/xtensa-esp32s2-elf/include --with-newlib --enable-threads=no --disable-shared --with-pkgversion='crosstool-NG esp-12.2.0_20230208' --disable-__cxa_atexit --enable-cxx-flags=-ffunction-sections --disable-libgomp --disable-libmudflap --disable-libmpx --disable-libssp --disable-libquadmath --disable-libquadmath-support --disable-libstdcxx-verbose --with-gmp=/builds/idf/crosstool-NG/.build/xtensa-esp32s2-elf/buildtools --with-mpfr=/builds/idf/crosstool-NG/.build/xtensa-esp32s2-elf/buildtools --with-mpc=/builds/idf/crosstool-NG/.build/xtensa-esp32s2-elf/buildtools --with-isl=/builds/idf/crosstool-NG/.build/xtensa-esp32s2-elf/buildtools --enable-lto --enable-target-optspace --without-long-double-128 --disable-nls --enable-multiarch --enable-languages=c,c++ --disable-libstdcxx-verbose --enable-threads=posix --enable-gcov-custom-rtio --enable-libstdcxx-time=yes
Thread model: posix
Supported LTO compression algorithms: zlib
gcc version 12.2.0 (crosstool-NG esp-12.2.0_20230208) 
COMPILER_PATH=/home/student/.platformio/packages/toolchain-xtensa-esp32s2/bin/../libexec/gcc/xtensa-esp32s2-elf/12.2.0/:/home/student/.platformio/packages/toolchain-xtensa-esp32s2/bin/../libexec/gcc/:/home/student/.platformio/packages/toolchain-xtensa-esp32s2/bin/../lib/gcc/xtensa-esp32s2-elf/12.2.0/../../../../xtensa-esp32s2-elf/bin/
LIBRARY_PATH=/home/student/.platformio/packages/toolchain-xtensa-esp32s2/bin/../lib/gcc/xtensa-esp32s2-elf/12.2.0/:/home/student/.platformio/packages/toolchain-xtensa-esp32s2/bin/../lib/gcc/:/home/student/.platformio/packages/toolchain-xtensa-esp32s2/bin/../lib/gcc/xtensa-esp32s2-elf/12.2.0/../../../../xtensa-esp32s2-elf/lib/
COLLECT_GCC_OPTIONS='-mlongcalls' '-v' '-o' 'cmTC_4b4c3' '-dumpdir' 'cmTC_4b4c3.'
 /home/student/.platformio/packages/toolchain-xtensa-esp32s2/bin/../libexec/gcc/xtensa-esp32s2-elf/12.2.0/collect2 -plugin /home/student/.platformio/packages/toolchain-xtensa-esp32s2/bin/../libexec/gcc/xtensa-esp32s2-elf/12.2.0/liblto_plugin.so -plugin-opt=/home/student/.platformio/packages/toolchain-xtensa-esp32s2/bin/../libexec/gcc/xtensa-esp32s2-elf/12.2.0/lto-wrapper -plugin-opt=-fresolution=/tmp/ccoAVMA2.res -plugin-opt=-pass-through=-lgcc -plugin-opt=-pass-through=-lc -plugin-opt=-pass-through=-lnosys -plugin-opt=-pass-through=-lc -plugin-opt=-pass-through=-lgcc -o cmTC_4b4c3 /home/student/.platformio/packages/toolchain-xtensa-esp32s2/bin/../lib/gcc/xtensa-esp32s2-elf/12.2.0/../../../../xtensa-esp32s2-elf/lib/crt0.o /home/student/.platformio/packages/toolchain-xtensa-esp32s2/bin/../lib/gcc/xtensa-esp32s2-elf/12.2.0/crti.o /home/student/.platformio/packages/toolchain-xtensa-esp32s2/bin/../lib/gcc/xtensa-esp32s2-elf/12.2.0/crtbegin.o -L/home/student/.platformio/packages/toolchain-xtensa-esp32s2/bin/../lib/gcc/xtensa-esp32s2-elf/12.2.0 -L/home/student/.platformio/packages/toolchain-xtensa-esp32s2/bin/../lib/gcc -L/home/student/.platformio/packages/toolchain-xtensa-esp32s2/bin/../lib/gcc/xtensa-esp32s2-elf/12.2.0/../../../../xtensa-esp32s2-elf/lib CMakeFiles/cmTC_4b4c3.dir/CMakeCCompilerABI.c.obj -lgcc -lc -lnosys -lc -lgcc /home/student/.platformio/packages/toolchain-xtensa-esp32s2/bin/../lib/gcc/xtensa-esp32s2-elf/12.2.0/crtend.o /home/student/.platformio/packages/toolchain-xtensa-esp32s2/bin/../lib/gcc/xtensa-esp32s2-elf/12.2.0/crtn.o
COLLECT_GCC_OPTIONS='-mlongcalls' '-v' '-o' 'cmTC_4b4c3' '-dumpdir' 'cmTC_4b4c3.'



Parsed C implicit include dir info from above output: rv=done
  found start of include info
  found start of implicit include info
    add: [/home/student/.platformio/packages/toolchain-xtensa-esp32s2/bin/../lib/gcc/xtensa-esp32s2-elf/12.2.0/include]
    add: [/home/student/.platformio/packages/toolchain-xtensa-esp32s2/bin/../lib/gcc/xtensa-esp32s2-elf/12.2.0/include-fixed]
    add: [/home/student/.platformio/packages/toolchain-xtensa-esp32s2/bin/../lib/gcc/xtensa-esp32s2-elf/12.2.0/../../../../xtensa-esp32s2-elf/sys-include]
    add: [/home/student/.platformio/packages/toolchain-xtensa-esp32s2/bin/../lib/gcc/xtensa-esp32s2-elf/12.2.0/../../../../xtensa-esp32s2-elf/include]
  end of search list found
  collapse include dir [/home/student/.platformio/packages/toolchain-xtensa-esp32s2/bin/../lib/gcc/xtensa-esp32s2-elf/12.2.0/include] ==> [/home/student/.platformio/packages/toolchain-xtensa-esp32s2/lib/gcc/xtensa-esp32s2-elf/12.2.0/include]
  collapse include dir [/home/student/.platformio/packages/toolchain-xtensa-esp32s2/bin/../lib/gcc/xtensa-esp32s2-elf/12.2.0/include-fixed] ==> [/home/student/.platformio/packages/toolchain-xtensa-esp32s2/lib/gcc/xtensa-esp32s2-elf/12.2.0/include-fixed]
  collapse include dir [/home/student/.platformio/packages/toolchain-xtensa-esp32s2/bin/../lib/gcc/xtensa-esp32s2-elf/12.2.0/../../../../xtensa-esp32s2-elf/sys-include] ==> [/home/student/.platformio/packages/toolchain-xtensa-esp32s2/xtensa-esp32s2-elf/sys-include]
  collapse include dir [/home/student/.platformio/packages/toolchain-xtensa-esp32s2/bin/../lib/gcc/xtensa-esp32s2-elf/12.2.0/../../../../xtensa-esp32s2-elf/include] ==> [/home/student/.platformio/packages/toolchain-xtensa-esp32s2/xtensa-esp32s2-elf/include]
  implicit include dirs: [/home/student/.platformio/packages/toolchain-xtensa-esp32s2/lib/gcc/xtensa-esp32s2-elf/12.2.0/include;/home/student/.platformio/packages/toolchain-xtensa-esp32s2/lib/gcc/xtensa-esp32s2-elf/12.2.0/include-fixed;/home/student/.platformio/packages/toolchain-xtensa-esp32s2/xtensa-esp32s2-elf/sys-include;/home/student/.platformio/packages/toolchain-xtensa-esp32s2/xtensa-esp32s2-elf/include]


Parsed C implicit link information from above output:
  link line regex: [^( *|.*[/\])(xtensa-esp32s2-elf-ld|CMAKE_LINK_STARTFILE-NOTFOUND|([^/\]+-)?ld|collect2)[^/\]*( |$)]
  ignore line: [Change Dir: /home/student/Documents/PlatformIO/Projects/esps2/.pio/build/nodemcu-32s2/CMakeFiles/CMakeTmp]
  ignore line: []
  ignore line: [Run Build Command(s):/home/student/.platformio/packages/tool-ninja/ninja cmTC_4b4c3 && [1/2] Building C object CMakeFiles/cmTC_4b4c3.dir/CMakeCCompilerABI.c.obj]
  ignore line: [Using built-in specs.]
  ignore line: [COLLECT_GCC=/home/student/.platformio/packages/toolchain-xtensa-esp32s2/bin/xtensa-esp32s2-elf-gcc]
  ignore line: [Target: xtensa-esp32s2-elf]
  ignore line: [Configured with: /builds/idf/crosstool-NG/.build/xtensa-esp32s2-elf/src/gcc/configure --build=x86_64-build_pc-linux-gnu --host=x86_64-build_pc-linux-gnu --target=xtensa-esp32s2-elf --prefix=/builds/idf/crosstool-NG/builds/xtensa-esp32s2-elf --exec_prefix=/builds/idf/crosstool-NG/builds/xtensa-esp32s2-elf --with-local-prefix=/builds/idf/crosstool-NG/builds/xtensa-esp32s2-elf/xtensa-esp32s2-elf --with-headers=/builds/idf/crosstool-NG/builds/xtensa-esp32s2-elf/xtensa-esp32s2-elf/include --with-newlib --enable-threads=no --disable-shared --with-pkgversion='crosstool-NG esp-12.2.0_20230208' --disable-__cxa_atexit --enable-cxx-flags=-ffunction-sections --disable-libgomp --disable-libmudflap --disable-libmpx --disable-libssp --disable-libquadmath --disable-libquadmath-support --disable-libstdcxx-verbose --with-gmp=/builds/idf/crosstool-NG/.build/xtensa-esp32s2-elf/buildtools --with-mpfr=/builds/idf/crosstool-NG/.build/xtensa-esp32s2-elf/buildtools --with-mpc=/builds/idf/crosstool-NG/.build/xtensa-esp32s2-elf/buildtools --with-isl=/builds/idf/crosstool-NG/.build/xtensa-esp32s2-elf/buildtools --enable-lto --enable-target-optspace --without-long-double-128 --disable-nls --enable-multiarch --enable-languages=c c++ --disable-libstdcxx-verbose --enable-threads=posix --enable-gcov-custom-rtio --enable-libstdcxx-time=yes]
  ignore line: [Thread model: posix]
  ignore line: [Supported LTO compression algorithms: zlib]
  ignore line: [gcc version 12.2.0 (crosstool-NG esp-12.2.0_20230208) ]
  ignore line: [COLLECT_GCC_OPTIONS='-mlongcalls' '-v' '-o' 'CMakeFiles/cmTC_4b4c3.dir/CMakeCCompilerABI.c.obj' '-c' '-dumpdir' 'CMakeFiles/cmTC_4b4c3.dir/']
  ignore line: [ /home/student/.platformio/packages/toolchain-xtensa-esp32s2/bin/../libexec/gcc/xtensa-esp32s2-elf/12.2.0/cc1 -quiet -v -iprefix /home/student/.platformio/packages/toolchain-xtensa-esp32s2/bin/../lib/gcc/xtensa-esp32s2-elf/12.2.0/ /home/student/.platformio/packages/tool-cmake/share/cmake-3.16/Modules/CMakeCCompilerABI.c -quiet -dumpdir CMakeFiles/cmTC_4b4c3.dir/ -dumpbase CMakeCCompilerABI.c.c -dumpbase-ext .c -mlongcalls -version -o /tmp/ccPLU4hJ.s]
  ignore line: [GNU C17 (crosstool-NG esp-12.2.0_20230208) version 12.2.0 (xtensa-esp32s2-elf)]
  ignore line: [	compiled by GNU C version 4.9.2  GMP version 6.2.1  MPFR version 4.1.0  MPC version 1.2.1  isl version isl-0.24-GMP]
  ignore line: []
  ignore line: [GGC heuristics: --param ggc-min-expand=100 --param ggc-min-heapsize=131072]
  ignore line: [ignoring duplicate directory "/home/student/.platformio/packages/toolchain-xtensa-esp32s2/bin/../lib/gcc/../../lib/gcc/xtensa-esp32s2-elf/12.2.0/include"]
  ignore line: [ignoring duplicate directory "/home/student/.platformio/packages/toolchain-xtensa-esp32s2/bin/../lib/gcc/../../lib/gcc/xtensa-esp32s2-elf/12.2.0/include-fixed"]
  ignore line: [ignoring duplicate directory "/home/student/.platformio/packages/toolchain-xtensa-esp32s2/bin/../lib/gcc/../../lib/gcc/xtensa-esp32s2-elf/12.2.0/../../../../xtensa-esp32s2-elf/sys-include"]
  ignore line: [ignoring duplicate directory "/home/student/.platformio/packages/toolchain-xtensa-esp32s2/bin/../lib/gcc/../../lib/gcc/xtensa-esp32s2-elf/12.2.0/../../../../xtensa-esp32s2-elf/include"]
  ignore line: [#include "..." search starts here:]
  ignore line: [#include <...> search starts here:]
  ignore line: [ /home/student/.platformio/packages/toolchain-xtensa-esp32s2/bin/../lib/gcc/xtensa-esp32s2-elf/12.2.0/include]
  ignore line: [ /home/student/.platformio/packages/toolchain-xtensa-esp32s2/bin/../lib/gcc/xtensa-esp32s2-elf/12.2.0/include-fixed]
  ignore line: [ /home/student/.platformio/packages/toolchain-xtensa-esp32s2/bin/../lib/gcc/xtensa-esp32s2-elf/12.2.0/../../../../xtensa-esp32s2-elf/sys-include]
  ignore line: [ /home/student/.platformio/packages/toolchain-xtensa-esp32s2/bin/../lib/gcc/xtensa-esp32s2-elf/12.2.0/../../../../xtensa-esp32s2-elf/include]
  ignore line: [End of search list.]
  ignore line: [GNU C17 (crosstool-NG esp-12.2.0_20230208) version 12.2.0 (xtensa-esp32s2-elf)]
  ignore line: [	compiled by GNU C version 4.9.2  GMP version 6.2.1  MPFR version 4.1.0  MPC version 1.2.1  isl version isl-0.24-GMP]
  ignore line: []
  ignore line: [GGC heuristics: --param ggc-min-expand=100 --param ggc-min-heapsize=131072]
  ignore line: [Compiler executable checksum: f9e1a8db536f9c2ee6f9fe56b21d3d42]
  ignore line: [COLLECT_GCC_OPTIONS='-mlongcalls' '-v' '-o' 'CMakeFiles/cmTC_4b4c3.dir/CMakeCCompilerABI.c.obj' '-c' '-dumpdir' 'CMakeFiles/cmTC_4b4c3.dir/']
  ignore line: [ /home/student/.platformio/packages/toolchain-xtensa-esp32s2/bin/../lib/gcc/xtensa-esp32s2-elf/12.2.0/../../../../xtensa-esp32s2-elf/bin/as --traditional-format --longcalls -o CMakeFiles/cmTC_4b4c3.dir/CMakeCCompilerABI.c.obj /tmp/ccPLU4hJ.s]
  ignore line: [COMPILER_PATH=/home/student/.platformio/packages/toolchain-xtensa-esp32s2/bin/../libexec/gcc/xtensa-esp32s2-elf/12.2.0/:/home/student/.platformio/packages/toolchain-xtensa-esp32s2/bin/../libexec/gcc/:/home/student/.platformio/packages/toolchain-xtensa-esp32s2/bin/../lib/gcc/xtensa-esp32s2-elf/12.2.0/../../../../xtensa-esp32s2-elf/bin/]
  ignore line: [LIBRARY_PATH=/home/student/.platformio/packages/toolchain-xtensa-esp32s2/bin/../lib/gcc/xtensa-esp32s2-elf/12.2.0/:/home/student/.platformio/packages/toolchain-xtensa-esp32s2/bin/../lib/gcc/:/home/student/.platformio/packages/toolchain-xtensa-esp32s2/bin/../lib/gcc/xtensa-esp32s2-elf/12.2.0/../../../../xtensa-esp32s2-elf/lib/]
  ignore line: [COLLECT_GCC_OPTIONS='-mlongcalls' '-v' '-o' 'CMakeFiles/cmTC_4b4c3.dir/CMakeCCompilerABI.c.obj' '-c' '-dumpdir' 'CMakeFiles/cmTC_4b4c3.dir/CMakeCCompilerABI.c.']
  ignore line: [[2/2] Linking C executable cmTC_4b4c3]
  ignore line: [Using built-in specs.]
  ignore line: [COLLECT_GCC=/home/student/.platformio/packages/toolchain-xtensa-esp32s2/bin/xtensa-esp32s2-elf-gcc]
  ignore line: [COLLECT_LTO_WRAPPER=/home/student/.platformio/packages/toolchain-xtensa-esp32s2/bin/../libexec/gcc/xtensa-esp32s2-elf/12.2.0/lto-wrapper]
  ignore line: [Target: xtensa-esp32s2-elf]
  ignore line: [Configured with: /builds/idf/crosstool-NG/.build/xtensa-esp32s2-elf/src/gcc/configure --build=x86_64-build_pc-linux-gnu --host=x86_64-build_pc-linux-gnu --target=xtensa-esp32s2-elf --prefix=/builds/idf/crosstool-NG/builds/xtensa-esp32s2-elf --exec_prefix=/builds/idf/crosstool-NG/builds/xtensa-esp32s2-elf --with-local-prefix=/builds/idf/crosstool-NG/builds/xtensa-esp32s2-elf/xtensa-esp32s2-elf --with-headers=/builds/idf/crosstool-NG/builds/xtensa-esp32s2-elf/xtensa-esp32s2-elf/include --with-newlib --enable-threads=no --disable-shared --with-pkgversion='crosstool-NG esp-12.2.0_20230208' --disable-__cxa_atexit --enable-cxx-flags=-ffunction-sections --disable-libgomp --disable-libmudflap --disable-libmpx --disable-libssp --disable-libquadmath --disable-libquadmath-support --disable-libstdcxx-verbose --with-gmp=/builds/idf/crosstool-NG/.build/xtensa-esp32s2-elf/buildtools --with-mpfr=/builds/idf/crosstool-NG/.build/xtensa-esp32s2-elf/buildtools --with-mpc=/builds/idf/crosstool-NG/.build/xtensa-esp32s2-elf/buildtools --with-isl=/builds/idf/crosstool-NG/.build/xtensa-esp32s2-elf/buildtools --enable-lto --enable-target-optspace --without-long-double-128 --disable-nls --enable-multiarch --enable-languages=c c++ --disable-libstdcxx-verbose --enable-threads=posix --enable-gcov-custom-rtio --enable-libstdcxx-time=yes]
  ignore line: [Thread model: posix]
  ignore line: [Supported LTO compression algorithms: zlib]
  ignore line: [gcc version 12.2.0 (crosstool-NG esp-12.2.0_20230208) ]
  ignore line: [COMPILER_PATH=/home/student/.platformio/packages/toolchain-xtensa-esp32s2/bin/../libexec/gcc/xtensa-esp32s2-elf/12.2.0/:/home/student/.platformio/packages/toolchain-xtensa-esp32s2/bin/../libexec/gcc/:/home/student/.platformio/packages/toolchain-xtensa-esp32s2/bin/../lib/gcc/xtensa-esp32s2-elf/12.2.0/../../../../xtensa-esp32s2-elf/bin/]
  ignore line: [LIBRARY_PATH=/home/student/.platformio/packages/toolchain-xtensa-esp32s2/bin/../lib/gcc/xtensa-esp32s2-elf/12.2.0/:/home/student/.platformio/packages/toolchain-xtensa-esp32s2/bin/../lib/gcc/:/home/student/.platformio/packages/toolchain-xtensa-esp32s2/bin/../lib/gcc/xtensa-esp32s2-elf/12.2.0/../../../../xtensa-esp32s2-elf/lib/]
  ignore line: [COLLECT_GCC_OPTIONS='-mlongcalls' '-v' '-o' 'cmTC_4b4c3' '-dumpdir' 'cmTC_4b4c3.']
  link line: [ /home/student/.platformio/packages/toolchain-xtensa-esp32s2/bin/../libexec/gcc/xtensa-esp32s2-elf/12.2.0/collect2 -plugin /home/student/.platformio/packages/toolchain-xtensa-esp32s2/bin/../libexec/gcc/xtensa-esp32s2-elf/12.2.0/liblto_plugin.so -plugin-opt=/home/student/.platformio/packages/toolchain-xtensa-esp32s2/bin/../libexec/gcc/xtensa-esp32s2-elf/12.2.0/lto-wrapper -plugin-opt=-fresolution=/tmp/ccoAVMA2.res -plugin-opt=-pass-through=-lgcc -plugin-opt=-pass-through=-lc -plugin-opt=-pass-through=-lnosys -plugin-opt=-pass-through=-lc -plugin-opt=-pass-through=-lgcc -o cmTC_4b4c3 /home/student/.platformio/packages/toolchain-xtensa-esp32s2/bin/../lib/gcc/xtensa-esp32s2-elf/12.2.0/../../../../xtensa-esp32s2-elf/lib/crt0.o /home/student/.platformio/packages/toolchain-xtensa-esp32s2/bin/../lib/gcc/xtensa-esp32s2-elf/12.2.0/crti.o /home/student/.platformio/packages/toolchain-xtensa-esp32s2/bin/../lib/gcc/xtensa-esp32s2-elf/12.2.0/crtbegin.o -L/home/student/.platformio/packages/toolchain-xtensa-esp32s2/bin/../lib/gcc/xtensa-esp32s2-elf/12.2.0 -L/home/student/.platformio/packages/toolchain-xtensa-esp32s2/bin/../lib/gcc -L/home/student/.platformio/packages/toolchain-xtensa-esp32s2/bin/../lib/gcc/xtensa-esp32s2-elf/12.2.0/../../../../xtensa-esp32s2-elf/lib CMakeFiles/cmTC_4b4c3.dir/CMakeCCompilerABI.c.obj -lgcc -lc -lnosys -lc -lgcc /home/student/.platformio/packages/toolchain-xtensa-esp32s2/bin/../lib/gcc/xtensa-esp32s2-elf/12.2.0/crtend.o /home/student/.platformio/packages/toolchain-xtensa-esp32s2/bin/../lib/gcc/xtensa-esp32s2-elf/12.2.0/crtn.o]
    arg [/home/student/.platformio/packages/toolchain-xtensa-esp32s2/bin/../libexec/gcc/xtensa-esp32s2-elf/12.2.0/collect2] ==> ignore
    arg [-plugin] ==> ignore
    arg [/home/student/.platformio/packages/toolchain-xtensa-esp32s2/bin/../libexec/gcc/xtensa-esp32s2-elf/12.2.0/liblto_plugin.so] ==> ignore
    arg [-plugin-opt=/home/student/.platformio/packages/toolchain-xtensa-esp32s2/bin/../libexec/gcc/xtensa-esp32s2-elf/12.2.0/lto-wrapper] ==> ignore
    arg [-plugin-opt=-fresolution=/tmp/ccoAVMA2.res] ==> ignore
    arg [-plugin-opt=-pass-through=-lgcc] ==> ignore
    arg [-plugin-opt=-pass-through=-lc] ==> ignore
    arg [-plugin-opt=-pass-through=-lnosys] ==> ignore
    arg [-plugin-opt=-pass-through=-lc] ==> ignore
    arg [-plugin-opt=-pass-through=-lgcc] ==> ignore
    arg [-o] ==> ignore
    arg [cmTC_4b4c3] ==> ignore
    arg [/home/student/.platformio/packages/toolchain-xtensa-esp32s2/bin/../lib/gcc/xtensa-esp32s2-elf/12.2.0/../../../../xtensa-esp32s2-elf/lib/crt0.o] ==> ignore
    arg [/home/student/.platformio/packages/toolchain-xtensa-esp32s2/bin/../lib/gcc/xtensa-esp32s2-elf/12.2.0/crti.o] ==> ignore
    arg [/home/student/.platformio/packages/toolchain-xtensa-esp32s2/bin/../lib/gcc/xtensa-esp32s2-elf/12.2.0/crtbegin.o] ==> ignore
    arg [-L/home/student/.platformio/packages/toolchain-xtensa-esp32s2/bin/../lib/gcc/xtensa-esp32s2-elf/12.2.0] ==> dir [/home/student/.platformio/packages/toolchain-xtensa-esp32s2/bin/../lib/gcc/xtensa-esp32s2-elf/12.2.0]
    arg [-L/home/student/.platformio/packages/toolchain-xtensa-esp32s2/bin/../lib/gcc] ==> dir [/home/student/.platformio/packages/toolchain-xtensa-esp32s2/bin/../lib/gcc]
    arg [-L/home/student/.platformio/packages/toolchain-xtensa-esp32s2/bin/../lib/gcc/xtensa-esp32s2-elf/12.2.0/../../../../xtensa-esp32s2-elf/lib] ==> dir [/home/student/.platformio/packages/toolchain-xtensa-esp32s2/bin/../lib/gcc/xtensa-esp32s2-elf/12.2.0/../../../../xtensa-esp32s2-elf/lib]
    arg [CMakeFiles/cmTC_4b4c3.dir/CMakeCCompilerABI.c.obj] ==> ignore
    arg [-lgcc] ==> lib [gcc]
    arg [-lc] ==> lib [c]
    arg [-lnosys] ==> lib [nosys]
    arg [-lc] ==> lib [c]
    arg [-lgcc] ==> lib [gcc]
    arg [/home/student/.platformio/packages/toolchain-xtensa-esp32s2/bin/../lib/gcc/xtensa-esp32s2-elf/12.2.0/crtend.o] ==> ignore
    arg [/home/student/.platformio/packages/toolchain-xtensa-esp32s2/bin/../lib/gcc/xtensa-esp32s2-elf/12.2.0/crtn.o] ==> ignore
  collapse library dir [/home/student/.platformio/packages/toolchain-xtensa-esp32s2/bin/../lib/gcc/xtensa-esp32s2-elf/12.2.0] ==> [/home/student/.platformio/packages/toolchain-xtensa-esp32s2/lib/gcc/xtensa-esp32s2-elf/12.2.0]
  collapse library dir [/home/student/.platformio/packages/toolchain-xtensa-esp32s2/bin/../lib/gcc] ==> [/home/student/.platformio/packages/toolchain-xtensa-esp32s2/lib/gcc]
  collapse library dir [/home/student/.platformio/packages/toolchain-xtensa-esp32s2/bin/../lib/gcc/xtensa-esp32s2-elf/12.2.0/../../../../xtensa-esp32s2-elf/lib] ==> [/home/student/.platformio/packages/toolchain-xtensa-esp32s2/xtensa-esp32s2-elf/lib]
  implicit libs: [gcc;c;nosys;c;gcc]
  implicit dirs: [/home/student/.platformio/packages/toolchain-xtensa-esp32s2/lib/gcc/xtensa-esp32s2-elf/12.2.0;/home/student/.platformio/packages/toolchain-xtensa-esp32s2/lib/gcc;/home/student/.platformio/packages/toolchain-xtensa-esp32s2/xtensa-esp32s2-elf/lib]
  implicit fwks: []


Determining if the CXX compiler works passed with the following output:
Change Dir: /home/student/Documents/PlatformIO/Projects/esps2/.pio/build/nodemcu-32s2/CMakeFiles/CMakeTmp

Run Build Command(s):/home/student/.platformio/packages/tool-ninja/ninja cmTC_e853b && [1/2] Building CXX object CMakeFiles/cmTC_e853b.dir/testCXXCompiler.cxx.obj
[2/2] Linking CXX executable cmTC_e853b



Detecting CXX compiler ABI info compiled with the following output:
Change Dir: /home/student/Documents/PlatformIO/Projects/esps2/.pio/build/nodemcu-32s2/CMakeFiles/CMakeTmp

Run Build Command(s):/home/student/.platformio/packages/tool-ninja/ninja cmTC_f8351 && [1/2] Building CXX object CMakeFiles/cmTC_f8351.dir/CMakeCXXCompilerABI.cpp.obj
Using built-in specs.
COLLECT_GCC=/home/student/.platformio/packages/toolchain-xtensa-esp32s2/bin/xtensa-esp32s2-elf-g++
Target: xtensa-esp32s2-elf
Configured with: /builds/idf/crosstool-NG/.build/xtensa-esp32s2-elf/src/gcc/configure --build=x86_64-build_pc-linux-gnu --host=x86_64-build_pc-linux-gnu --target=xtensa-esp32s2-elf --prefix=/builds/idf/crosstool-NG/builds/xtensa-esp32s2-elf --exec_prefix=/builds/idf/crosstool-NG/builds/xtensa-esp32s2-elf --with-local-prefix=/builds/idf/crosstool-NG/builds/xtensa-esp32s2-elf/xtensa-esp32s2-elf --with-headers=/builds/idf/crosstool-NG/builds/xtensa-esp32s2-elf/xtensa-esp32s2-elf/include --with-newlib --enable-threads=no --disable-shared --with-pkgversion='crosstool-NG esp-12.2.0_20230208' --disable-__cxa_atexit --enable-cxx-flags=-ffunction-sections --disable-libgomp --disable-libmudflap --disable-libmpx --disable-libssp --disable-libquadmath --disable-libquadmath-support --disable-libstdcxx-verbose --with-gmp=/builds/idf/crosstool-NG/.build/xtensa-esp32s2-elf/buildtools --with-mpfr=/builds/idf/crosstool-NG/.build/xtensa-esp32s2-elf/buildtools --with-mpc=/builds/idf/crosstool-NG/.build/xtensa-esp32s2-elf/buildtools --with-isl=/builds/idf/crosstool-NG/.build/xtensa-esp32s2-elf/buildtools --enable-lto --enable-target-optspace --without-long-double-128 --disable-nls --enable-multiarch --enable-languages=c,c++ --disable-libstdcxx-verbose --enable-threads=posix --enable-gcov-custom-rtio --enable-libstdcxx-time=yes
Thread model: posix
Supported LTO compression algorithms: zlib
gcc version 12.2.0 (crosstool-NG esp-12.2.0_20230208) 
COLLECT_GCC_OPTIONS='-mlongcalls' '-v' '-o' 'CMakeFiles/cmTC_f8351.dir/CMakeCXXCompilerABI.cpp.obj' '-c' '-dumpdir' 'CMakeFiles/cmTC_f8351.dir/'
 /home/student/.platformio/packages/toolchain-xtensa-esp32s2/bin/../libexec/gcc/xtensa-esp32s2-elf/12.2.0/cc1plus -quiet -v -iprefix /home/student/.platformio/packages/toolchain-xtensa-esp32s2/bin/../lib/gcc/xtensa-esp32s2-elf/12.2.0/ /home/student/.platformio/packages/tool-cmake/share/cmake-3.16/Modules/CMakeCXXCompilerABI.cpp -quiet -dumpdir CMakeFiles/cmTC_f8351.dir/ -dumpbase CMakeCXXCompilerABI.cpp.cpp -dumpbase-ext .cpp -mlongcalls -version -o /tmp/ccyJXzhe.s
GNU C++17 (crosstool-NG esp-12.2.0_20230208) version 12.2.0 (xtensa-esp32s2-elf)
	compiled by GNU C version 4.9.2, GMP version 6.2.1, MPFR version 4.1.0, MPC version 1.2.1, isl version isl-0.24-GMP

GGC heuristics: --param ggc-min-expand=100 --param ggc-min-heapsize=131072
ignoring duplicate directory "/home/student/.platformio/packages/toolchain-xtensa-esp32s2/bin/../lib/gcc/../../lib/gcc/xtensa-esp32s2-elf/12.2.0/../../../../xtensa-esp32s2-elf/include/c++/12.2.0"
ignoring duplicate directory "/home/student/.platformio/packages/toolchain-xtensa-esp32s2/bin/../lib/gcc/../../lib/gcc/xtensa-esp32s2-elf/12.2.0/../../../../xtensa-esp32s2-elf/include/c++/12.2.0/xtensa-esp32s2-elf"
ignoring duplicate directory "/home/student/.platformio/packages/toolchain-xtensa-esp32s2/bin/../lib/gcc/../../lib/gcc/xtensa-esp32s2-elf/12.2.0/../../../../xtensa-esp32s2-elf/include/c++/12.2.0/backward"
ignoring duplicate directory "/home/student/.platformio/packages/toolchain-xtensa-esp32s2/bin/../lib/gcc/../../lib/gcc/xtensa-esp32s2-elf/12.2.0/include"
ignoring duplicate directory "/home/student/.platformio/packages/toolchain-xtensa-esp32s2/bin/../lib/gcc/../../lib/gcc/xtensa-esp32s2-elf/12.2.0/include-fixed"
ignoring duplicate directory "/home/student/.platformio/packages/toolchain-xtensa-esp32s2/bin/../lib/gcc/../../lib/gcc/xtensa-esp32s2-elf/12.2.0/../../../../xtensa-esp32s2-elf/sys-include"
ignoring duplicate directory "/home/student/.platformio/packages/toolchain-xtensa-esp32s2/bin/../lib/gcc/../../lib/gcc/xtensa-esp32s2-elf/12.2.0/../../../../xtensa-esp32s2-elf/include"
#include "..." search starts here:
#include <...> search starts here:
 /home/student/.platformio/packages/toolchain-xtensa-esp32s2/bin/../lib/gcc/xtensa-esp32s2-elf/12.2.0/../../../../xtensa-esp32s2-elf/include/c++/12.2.0
 /home/student/.platformio/packages/toolchain-xtensa-esp32s2/bin/../lib/gcc/xtensa-esp32s2-elf/12.2.0/../../../../xtensa-esp32s2-elf/include/c++/12.2.0/xtensa-esp32s2-elf
 /home/student/.platformio/packages/toolchain-xtensa-esp32s2/bin/../lib/gcc/xtensa-esp32s2-elf/12.2.0/../../../../xtensa-esp32s2-elf/include/c++/12.2.0/backward
 /home/student/.platformio/packages/toolchain-xtensa-esp32s2/bin/../lib/gcc/xtensa-esp32s2-elf/12.2.0/include
 /home/student/.platformio/packages/toolchain-xtensa-esp32s2/bin/../lib/gcc/xtensa-esp32s2-elf/12.2.0/include-fixed
 /home/student/.platformio/packages/toolchain-xtensa-esp32s2/bin/../lib/gcc/xtensa-esp32s2-elf/12.2.0/../../../../xtensa-esp32s2-elf/sys-include
 /home/student/.platformio/packages/toolchain-xtensa-esp32s2/bin/../lib/gcc/xtensa-esp32s2-elf/12.2.0/../../../../xtensa-esp32s2-elf/include
End of search list.
GNU C++17 (crosstool-NG esp-12.2.0_20230208) version 12.2.0 (xtensa-esp32s2-elf)
	compiled by GNU C version 4.9.2, GMP version 6.2.1, MPFR version 4.1.0, MPC version 1.2.1, isl version isl-0.24-GMP

GGC heuristics: --param ggc-min-expand=100 --param ggc-min-heapsize=131072
Compiler executable checksum: 3bcb585a06973bbfe7bb19197186bcb7
COLLECT_GCC_OPTIONS='-mlongcalls' '-v' '-o' 'CMakeFiles/cmTC_f8351.dir/CMakeCXXCompilerABI.cpp.obj' '-c' '-dumpdir' 'CMakeFiles/cmTC_f8351.dir/'
 /home/student/.platformio/packages/toolchain-xtensa-esp32s2/bin/../lib/gcc/xtensa-esp32s2-elf/12.2.0/../../../../xtensa-esp32s2-elf/bin/as --traditional-format --longcalls -o CMakeFiles/cmTC_f8351.dir/CMakeCXXCompilerABI.cpp.obj /tmp/ccyJXzhe.s
COMPILER_PATH=/home/student/.platformio/packages/toolchain-xtensa-esp32s2/bin/../libexec/gcc/xtensa-esp32s2-elf/12.2.0/:/home/student/.platformio/packages/toolchain-xtensa-esp32s2/bin/../libexec/gcc/:/home/student/.platformio/packages/toolchain-xtensa-esp32s2/bin/../lib/gcc/xtensa-esp32s2-elf/12.2.0/../../../../xtensa-esp32s2-elf/bin/
LIBRARY_PATH=/home/student/.platformio/packages/toolchain-xtensa-esp32s2/bin/../lib/gcc/xtensa-esp32s2-elf/12.2.0/:/home/student/.platformio/packages/toolchain-xtensa-esp32s2/bin/../lib/gcc/:/home/student/.platformio/packages/toolchain-xtensa-esp32s2/bin/../lib/gcc/xtensa-esp32s2-elf/12.2.0/../../../../xtensa-esp32s2-elf/lib/
COLLECT_GCC_OPTIONS='-mlongcalls' '-v' '-o' 'CMakeFiles/cmTC_f8351.dir/CMakeCXXCompilerABI.cpp.obj' '-c' '-dumpdir' 'CMakeFiles/cmTC_f8351.dir/CMakeCXXCompilerABI.cpp.'
[2/2] Linking CXX executable cmTC_f8351
Using built-in specs.
COLLECT_GCC=/home/student/.platformio/packages/toolchain-xtensa-esp32s2/bin/xtensa-esp32s2-elf-g++
COLLECT_LTO_WRAPPER=/home/student/.platformio/packages/toolchain-xtensa-esp32s2/bin/../libexec/gcc/xtensa-esp32s2-elf/12.2.0/lto-wrapper
Target: xtensa-esp32s2-elf
Configured with: /builds/idf/crosstool-NG/.build/xtensa-esp32s2-elf/src/gcc/configure --build=x86_64-build_pc-linux-gnu --host=x86_64-build_pc-linux-gnu --target=xtensa-esp32s2-elf --prefix=/builds/idf/crosstool-NG/builds/xtensa-esp32s2-elf --exec_prefix=/builds/idf/crosstool-NG/builds/xtensa-esp32s2-elf --with-local-prefix=/builds/idf/crosstool-NG/builds/xtensa-esp32s2-elf/xtensa-esp32s2-elf --with-headers=/builds/idf/crosstool-NG/builds/xtensa-esp32s2-elf/xtensa-esp32s2-elf/include --with-newlib --enable-threads=no --disable-shared --with-pkgversion='crosstool-NG esp-12.2.0_20230208' --disable-__cxa_atexit --enable-cxx-flags=-ffunction-sections --disable-libgomp --disable-libmudflap --disable-libmpx --disable-libssp --disable-libquadmath --disable-libquadmath-support --disable-libstdcxx-verbose --with-gmp=/builds/idf/crosstool-NG/.build/xtensa-esp32s2-elf/buildtools --with-mpfr=/builds/idf/crosstool-NG/.build/xtensa-esp32s2-elf/buildtools --with-mpc=/builds/idf/crosstool-NG/.build/xtensa-esp32s2-elf/buildtools --with-isl=/builds/idf/crosstool-NG/.build/xtensa-esp32s2-elf/buildtools --enable-lto --enable-target-optspace --without-long-double-128 --disable-nls --enable-multiarch --enable-languages=c,c++ --disable-libstdcxx-verbose --enable-threads=posix --enable-gcov-custom-rtio --enable-libstdcxx-time=yes
Thread model: posix
Supported LTO compression algorithms: zlib
gcc version 12.2.0 (crosstool-NG esp-12.2.0_20230208) 
COMPILER_PATH=/home/student/.platformio/packages/toolchain-xtensa-esp32s2/bin/../libexec/gcc/xtensa-esp32s2-elf/12.2.0/:/home/student/.platformio/packages/toolchain-xtensa-esp32s2/bin/../libexec/gcc/:/home/student/.platformio/packages/toolchain-xtensa-esp32s2/bin/../lib/gcc/xtensa-esp32s2-elf/12.2.0/../../../../xtensa-esp32s2-elf/bin/
LIBRARY_PATH=/home/student/.platformio/packages/toolchain-xtensa-esp32s2/bin/../lib/gcc/xtensa-esp32s2-elf/12.2.0/:/home/student/.platformio/packages/toolchain-xtensa-esp32s2/bin/../lib/gcc/:/home/student/.platformio/packages/toolchain-xtensa-esp32s2/bin/../lib/gcc/xtensa-esp32s2-elf/12.2.0/../../../../xtensa-esp32s2-elf/lib/
COLLECT_GCC_OPTIONS='-mlongcalls' '-v' '-o' 'cmTC_f8351' '-dumpdir' 'cmTC_f8351.'
 /home/student/.platformio/packages/toolchain-xtensa-esp32s2/bin/../libexec/gcc/xtensa-esp32s2-elf/12.2.0/collect2 -plugin /home/student/.platformio/packages/toolchain-xtensa-esp32s2/bin/../libexec/gcc/xtensa-esp32s2-elf/12.2.0/liblto_plugin.so -plugin-opt=/home/student/.platformio/packages/toolchain-xtensa-esp32s2/bin/../libexec/gcc/xtensa-esp32s2-elf/12.2.0/lto-wrapper -plugin-opt=-fresolution=/tmp/ccZW3eEy.res -plugin-opt=-pass-through=-lgcc -plugin-opt=-pass-through=-lc -plugin-opt=-pass-through=-lnosys -plugin-opt=-pass-through=-lc -plugin-opt=-pass-through=-lgcc -o cmTC_f8351 /home/student/.platformio/packages/toolchain-xtensa-esp32s2/bin/../lib/gcc/xtensa-esp32s2-elf/12.2.0/../../../../xtensa-esp32s2-elf/lib/crt0.o /home/student/.platformio/packages/toolchain-xtensa-esp32s2/bin/../lib/gcc/xtensa-esp32s2-elf/12.2.0/crti.o /home/student/.platformio/packages/toolchain-xtensa-esp32s2/bin/../lib/gcc/xtensa-esp32s2-elf/12.2.0/crtbegin.o -L/home/student/.platformio/packages/toolchain-xtensa-esp32s2/bin/../lib/gcc/xtensa-esp32s2-elf/12.2.0 -L/home/student/.platformio/packages/toolchain-xtensa-esp32s2/bin/../lib/gcc -L/home/student/.platformio/packages/toolchain-xtensa-esp32s2/bin/../lib/gcc/xtensa-esp32s2-elf/12.2.0/../../../../xtensa-esp32s2-elf/lib CMakeFiles/cmTC_f8351.dir/CMakeCXXCompilerABI.cpp.obj -lstdc++ -lm -lgcc -lc -lnosys -lc -lgcc /home/student/.platformio/packages/toolchain-xtensa-esp32s2/bin/../lib/gcc/xtensa-esp32s2-elf/12.2.0/crtend.o /home/student/.platformio/packages/toolchain-xtensa-esp32s2/bin/../lib/gcc/xtensa-esp32s2-elf/12.2.0/crtn.o
COLLECT_GCC_OPTIONS='-mlongcalls' '-v' '-o' 'cmTC_f8351' '-dumpdir' 'cmTC_f8351.'



Parsed CXX implicit include dir info from above output: rv=done
  found start of include info
  found start of implicit include info
    add: [/home/student/.platformio/packages/toolchain-xtensa-esp32s2/bin/../lib/gcc/xtensa-esp32s2-elf/12.2.0/../../../../xtensa-esp32s2-elf/include/c++/12.2.0]
    add: [/home/student/.platformio/packages/toolchain-xtensa-esp32s2/bin/../lib/gcc/xtensa-esp32s2-elf/12.2.0/../../../../xtensa-esp32s2-elf/include/c++/12.2.0/xtensa-esp32s2-elf]
    add: [/home/student/.platformio/packages/toolchain-xtensa-esp32s2/bin/../lib/gcc/xtensa-esp32s2-elf/12.2.0/../../../../xtensa-esp32s2-elf/include/c++/12.2.0/backward]
    add: [/home/student/.platformio/packages/toolchain-xtensa-esp32s2/bin/../lib/gcc/xtensa-esp32s2-elf/12.2.0/include]
    add: [/home/student/.platformio/packages/toolchain-xtensa-esp32s2/bin/../lib/gcc/xtensa-esp32s2-elf/12.2.0/include-fixed]
    add: [/home/student/.platformio/packages/toolchain-xtensa-esp32s2/bin/../lib/gcc/xtensa-esp32s2-elf/12.2.0/../../../../xtensa-esp32s2-elf/sys-include]
    add: [/home/student/.platformio/packages/toolchain-xtensa-esp32s2/bin/../lib/gcc/xtensa-esp32s2-elf/12.2.0/../../../../xtensa-esp32s2-elf/include]
  end of search list found
  collapse include dir [/home/student/.platformio/packages/toolchain-xtensa-esp32s2/bin/../lib/gcc/xtensa-esp32s2-elf/12.2.0/../../../../xtensa-esp32s2-elf/include/c++/12.2.0] ==> [/home/student/.platformio/packages/toolchain-xtensa-esp32s2/xtensa-esp32s2-elf/include/c++/12.2.0]
  collapse include dir [/home/student/.platformio/packages/toolchain-xtensa-esp32s2/bin/../lib/gcc/xtensa-esp32s2-elf/12.2.0/../../../../xtensa-esp32s2-elf/include/c++/12.2.0/xtensa-esp32s2-elf] ==> [/home/student/.platformio/packages/toolchain-xtensa-esp32s2/xtensa-esp32s2-elf/include/c++/12.2.0/xtensa-esp32s2-elf]
  collapse include dir [/home/student/.platformio/packages/toolchain-xtensa-esp32s2/bin/../lib/gcc/xtensa-esp32s2-elf/12.2.0/../../../../xtensa-esp32s2-elf/include/c++/12.2.0/backward] ==> [/home/student/.platformio/packages/toolchain-xtensa-esp32s2/xtensa-esp32s2-elf/include/c++/12.2.0/backward]
  collapse include dir [/home/student/.platformio/packages/toolchain-xtensa-esp32s2/bin/../lib/gcc/xtensa-esp32s2-elf/12.2.0/include] ==> [/home/student/.platformio/packages/toolchain-xtensa-esp32s2/lib/gcc/xtensa-esp32s2-elf/12.2.0/include]
  collapse include dir [/home/student/.platformio/packages/toolchain-xtensa-esp32s2/bin/../lib/gcc/xtensa-esp32s2-elf/12.2.0/include-fixed] ==> [/home/student/.platformio/packages/toolchain-xtensa-esp32s2/lib/gcc/xtensa-esp32s2-elf/12.2.0/include-fixed]
  collapse include dir [/home/student/.platformio/packages/toolchain-xtensa-esp32s2/bin/../lib/gcc/xtensa-esp32s2-elf/12.2.0/../../../../xtensa-esp32s2-elf/sys-include] ==> [/home/student/.platformio/packages/toolchain-xtensa-esp32s2/xtensa-esp32s2-elf/sys-include]
  collapse include dir [/home/student/.platformio/packages/toolchain-xtensa-esp32s2/bin/../lib/gcc/xtensa-esp32s2-elf/12.2.0/../../../../xtensa-esp32s2-elf/include] ==> [/home/student/.platformio/packages/toolchain-xtensa-esp32s2/xtensa-esp32s2-elf/include]
  implicit include dirs: [/home/student/.platformio/packages/toolchain-xtensa-esp32s2/xtensa-esp32s2-elf/include/c++/12.2.0;/home/student/.platformio/packages/toolchain-xtensa-esp32s2/xtensa-esp32s2-elf/include/c++/12.2.0/xtensa-esp32s2-elf;/home/student/.platformio/packages/toolchain-xtensa-esp32s2/xtensa-esp32s2-elf/include/c++/12.2.0/backward;/home/student/.platformio/packages/toolchain-xtensa-esp32s2/lib/gcc/xtensa-esp32s2-elf/12.2.0/include;/home/student/.platformio/packages/toolchain-xtensa-esp32s2/lib/gcc/xtensa-esp32s2-elf/12.2.0/include-fixed;/home/student/.platformio/packages/toolchain-xtensa-esp32s2/xtensa-esp32s2-elf/sys-include;/home/student/.platformio/packages/toolchain-xtensa-esp32s2/xtensa-esp32s2-elf/include]


Parsed CXX implicit link information from above output:
  link line regex: [^( *|.*[/\])(xtensa-esp32s2-elf-ld|CMAKE_LINK_STARTFILE-NOTFOUND|([^/\]+-)?ld|collect2)[^/\]*( |$)]
  ignore line: [Change Dir: /home/student/Documents/PlatformIO/Projects/esps2/.pio/build/nodemcu-32s2/CMakeFiles/CMakeTmp]
  ignore line: []
  ignore line: [Run Build Command(s):/home/student/.platformio/packages/tool-ninja/ninja cmTC_f8351 && [1/2] Building CXX object CMakeFiles/cmTC_f8351.dir/CMakeCXXCompilerABI.cpp.obj]
  ignore line: [Using built-in specs.]
  ignore line: [COLLECT_GCC=/home/student/.platformio/packages/toolchain-xtensa-esp32s2/bin/xtensa-esp32s2-elf-g++]
  ignore line: [Target: xtensa-esp32s2-elf]
  ignore line: [Configured with: /builds/idf/crosstool-NG/.build/xtensa-esp32s2-elf/src/gcc/configure --build=x86_64-build_pc-linux-gnu --host=x86_64-build_pc-linux-gnu --target=xtensa-esp32s2-elf --prefix=/builds/idf/crosstool-NG/builds/xtensa-esp32s2-elf --exec_prefix=/builds/idf/crosstool-NG/builds/xtensa-esp32s2-elf --with-local-prefix=/builds/idf/crosstool-NG/builds/xtensa-esp32s2-elf/xtensa-esp32s2-elf --with-headers=/builds/idf/crosstool-NG/builds/xtensa-esp32s2-elf/xtensa-esp32s2-elf/include --with-newlib --enable-threads=no --disable-shared --with-pkgversion='crosstool-NG esp-12.2.0_20230208' --disable-__cxa_atexit --enable-cxx-flags=-ffunction-sections --disable-libgomp --disable-libmudflap --disable-libmpx --disable-libssp --disable-libquadmath --disable-libquadmath-support --disable-libstdcxx-verbose --with-gmp=/builds/idf/crosstool-NG/.build/xtensa-esp32s2-elf/buildtools --with-mpfr=/builds/idf/crosstool-NG/.build/xtensa-esp32s2-elf/buildtools --with-mpc=/builds/idf/crosstool-NG/.build/xtensa-esp32s2-elf/buildtools --with-isl=/builds/idf/crosstool-NG/.build/xtensa-esp32s2-elf/buildtools --enable-lto --enable-target-optspace --without-long-double-128 --disable-nls --enable-multiarch --enable-languages=c c++ --disable-libstdcxx-verbose --enable-threads=posix --enable-gcov-custom-rtio --enable-libstdcxx-time=yes]
  ignore line: [Thread model: posix]
  ignore line: [Supported LTO compression algorithms: zlib]
  ignore line: [gcc version 12.2.0 (crosstool-NG esp-12.2.0_20230208) ]
  ignore line: [COLLECT_GCC_OPTIONS='-mlongcalls' '-v' '-o' 'CMakeFiles/cmTC_f8351.dir/CMakeCXXCompilerABI.cpp.obj' '-c' '-dumpdir' 'CMakeFiles/cmTC_f8351.dir/']
  ignore line: [ /home/student/.platformio/packages/toolchain-xtensa-esp32s2/bin/../libexec/gcc/xtensa-esp32s2-elf/12.2.0/cc1plus -quiet -v -iprefix /home/student/.platformio/packages/toolchain-xtensa-esp32s2/bin/../lib/gcc/xtensa-esp32s2-elf/12.2.0/ /home/student/.platformio/packages/tool-cmake/share/cmake-3.16/Modules/CMakeCXXCompilerABI.cpp -quiet -dumpdir CMakeFiles/cmTC_f8351.dir/ -dumpbase CMakeCXXCompilerABI.cpp.cpp -dumpbase-ext .cpp -mlongcalls -version -o /tmp/ccyJXzhe.s]
  ignore line: [GNU C++17 (crosstool-NG esp-12.2.0_20230208) version 12.2.0 (xtensa-esp32s2-elf)]
  ignore line: [	compiled by GNU C version 4.9.2  GMP version 6.2.1  MPFR version 4.1.0  MPC version 1.2.1  isl version isl-0.24-GMP]
  ignore line: []
  ignore line: [GGC heuristics: --param ggc-min-expand=100 --param ggc-min-heapsize=131072]
  ignore line: [ignoring duplicate directory "/home/student/.platformio/packages/toolchain-xtensa-esp32s2/bin/../lib/gcc/../../lib/gcc/xtensa-esp32s2-elf/12.2.0/../../../../xtensa-esp32s2-elf/include/c++/12.2.0"]
  ignore line: [ignoring duplicate directory "/home/student/.platformio/packages/toolchain-xtensa-esp32s2/bin/../lib/gcc/../../lib/gcc/xtensa-esp32s2-elf/12.2.0/../../../../xtensa-esp32s2-elf/include/c++/12.2.0/xtensa-esp32s2-elf"]
  ignore line: [ignoring duplicate directory "/home/student/.platformio/packages/toolchain-xtensa-esp32s2/bin/../lib/gcc/../../lib/gcc/xtensa-esp32s2-elf/12.2.0/../../../../xtensa-esp32s2-elf/include/c++/12.2.0/backward"]
  ignore line: [ignoring duplicate directory "/home/student/.platformio/packages/toolchain-xtensa-esp32s2/bin/../lib/gcc/../../lib/gcc/xtensa-esp32s2-elf/12.2.0/include"]
  ignore line: [ignoring duplicate directory "/home/student/.platformio/packages/toolchain-xtensa-esp32s2/bin/../lib/gcc/../../lib/gcc/xtensa-esp32s2-elf/12.2.0/include-fixed"]
  ignore line: [ignoring duplicate directory "/home/student/.platformio/packages/toolchain-xtensa-esp32s2/bin/../lib/gcc/../../lib/gcc/xtensa-esp32s2-elf/12.2.0/../../../../xtensa-esp32s2-elf/sys-include"]
  ignore line: [ignoring duplicate directory "/home/student/.platformio/packages/toolchain-xtensa-esp32s2/bin/../lib/gcc/../../lib/gcc/xtensa-esp32s2-elf/12.2.0/../../../../xtensa-esp32s2-elf/include"]
  ignore line: [#include "..." search starts here:]
  ignore line: [#include <...> search starts here:]
  ignore line: [ /home/student/.platformio/packages/toolchain-xtensa-esp32s2/bin/../lib/gcc/xtensa-esp32s2-elf/12.2.0/../../../../xtensa-esp32s2-elf/include/c++/12.2.0]
  ignore line: [ /home/student/.platformio/packages/toolchain-xtensa-esp32s2/bin/../lib/gcc/xtensa-esp32s2-elf/12.2.0/../../../../xtensa-esp32s2-elf/include/c++/12.2.0/xtensa-esp32s2-elf]
  ignore line: [ /home/student/.platformio/packages/toolchain-xtensa-esp32s2/bin/../lib/gcc/xtensa-esp32s2-elf/12.2.0/../../../../xtensa-esp32s2-elf/include/c++/12.2.0/backward]
  ignore line: [ /home/student/.platformio/packages/toolchain-xtensa-esp32s2/bin/../lib/gcc/xtensa-esp32s2-elf/12.2.0/include]
  ignore line: [ /home/student/.platformio/packages/toolchain-xtensa-esp32s2/bin/../lib/gcc/xtensa-esp32s2-elf/12.2.0/include-fixed]
  ignore line: [ /home/student/.platformio/packages/toolchain-xtensa-esp32s2/bin/../lib/gcc/xtensa-esp32s2-elf/12.2.0/../../../../xtensa-esp32s2-elf/sys-include]
  ignore line: [ /home/student/.platformio/packages/toolchain-xtensa-esp32s2/bin/../lib/gcc/xtensa-esp32s2-elf/12.2.0/../../../../xtensa-esp32s2-elf/include]
  ignore line: [End of search list.]
  ignore line: [GNU C++17 (crosstool-NG esp-12.2.0_20230208) version 12.2.0 (xtensa-esp32s2-elf)]
  ignore line: [	compiled by GNU C version 4.9.2  GMP version 6.2.1  MPFR version 4.1.0  MPC version 1.2.1  isl version isl-0.24-GMP]
  ignore line: []
  ignore line: [GGC heuristics: --param ggc-min-expand=100 --param ggc-min-heapsize=131072]
  ignore line: [Compiler executable checksum: 3bcb585a06973bbfe7bb19197186bcb7]
  ignore line: [COLLECT_GCC_OPTIONS='-mlongcalls' '-v' '-o' 'CMakeFiles/cmTC_f8351.dir/CMakeCXXCompilerABI.cpp.obj' '-c' '-dumpdir' 'CMakeFiles/cmTC_f8351.dir/']
  ignore line: [ /home/student/.platformio/packages/toolchain-xtensa-esp32s2/bin/../lib/gcc/xtensa-esp32s2-elf/12.2.0/../../../../xtensa-esp32s2-elf/bin/as --traditional-format --longcalls -o CMakeFiles/cmTC_f8351.dir/CMakeCXXCompilerABI.cpp.obj /tmp/ccyJXzhe.s]
  ignore line: [COMPILER_PATH=/home/student/.platformio/packages/toolchain-xtensa-esp32s2/bin/../libexec/gcc/xtensa-esp32s2-elf/12.2.0/:/home/student/.platformio/packages/toolchain-xtensa-esp32s2/bin/../libexec/gcc/:/home/student/.platformio/packages/toolchain-xtensa-esp32s2/bin/../lib/gcc/xtensa-esp32s2-elf/12.2.0/../../../../xtensa-esp32s2-elf/bin/]
  ignore line: [LIBRARY_PATH=/home/student/.platformio/packages/toolchain-xtensa-esp32s2/bin/../lib/gcc/xtensa-esp32s2-elf/12.2.0/:/home/student/.platformio/packages/toolchain-xtensa-esp32s2/bin/../lib/gcc/:/home/student/.platformio/packages/toolchain-xtensa-esp32s2/bin/../lib/gcc/xtensa-esp32s2-elf/12.2.0/../../../../xtensa-esp32s2-elf/lib/]
  ignore line: [COLLECT_GCC_OPTIONS='-mlongcalls' '-v' '-o' 'CMakeFiles/cmTC_f8351.dir/CMakeCXXCompilerABI.cpp.obj' '-c' '-dumpdir' 'CMakeFiles/cmTC_f8351.dir/CMakeCXXCompilerABI.cpp.']
  ignore line: [[2/2] Linking CXX executable cmTC_f8351]
  ignore line: [Using built-in specs.]
  ignore line: [COLLECT_GCC=/home/student/.platformio/packages/toolchain-xtensa-esp32s2/bin/xtensa-esp32s2-elf-g++]
  ignore line: [COLLECT_LTO_WRAPPER=/home/student/.platformio/packages/toolchain-xtensa-esp32s2/bin/../libexec/gcc/xtensa-esp32s2-elf/12.2.0/lto-wrapper]
  ignore line: [Target: xtensa-esp32s2-elf]
  ignore line: [Configured with: /builds/idf/crosstool-NG/.build/xtensa-esp32s2-elf/src/gcc/configure --build=x86_64-build_pc-linux-gnu --host=x86_64-build_pc-linux-gnu --target=xtensa-esp32s2-elf --prefix=/builds/idf/crosstool-NG/builds/xtensa-esp32s2-elf --exec_prefix=/builds/idf/crosstool-NG/builds/xtensa-esp32s2-elf --with-local-prefix=/builds/idf/crosstool-NG/builds/xtensa-esp32s2-elf/xtensa-esp32s2-elf --with-headers=/builds/idf/crosstool-NG/builds/xtensa-esp32s2-elf/xtensa-esp32s2-elf/include --with-newlib --enable-threads=no --disable-shared --with-pkgversion='crosstool-NG esp-12.2.0_20230208' --disable-__cxa_atexit --enable-cxx-flags=-ffunction-sections --disable-libgomp --disable-libmudflap --disable-libmpx --disable-libssp --disable-libquadmath --disable-libquadmath-support --disable-libstdcxx-verbose --with-gmp=/builds/idf/crosstool-NG/.build/xtensa-esp32s2-elf/buildtools --with-mpfr=/builds/idf/crosstool-NG/.build/xtensa-esp32s2-elf/buildtools --with-mpc=/builds/idf/crosstool-NG/.build/xtensa-esp32s2-elf/buildtools --with-isl=/builds/idf/crosstool-NG/.build/xtensa-esp32s2-elf/buildtools --enable-lto --enable-target-optspace --without-long-double-128 --disable-nls --enable-multiarch --enable-languages=c c++ --disable-libstdcxx-verbose --enable-threads=posix --enable-gcov-custom-rtio --enable-libstdcxx-time=yes]
  ignore line: [Thread model: posix]
  ignore line: [Supported LTO compression algorithms: zlib]
  ignore line: [gcc version 12.2.0 (crosstool-NG esp-12.2.0_20230208) ]
  ignore line: [COMPILER_PATH=/home/student/.platformio/packages/toolchain-xtensa-esp32s2/bin/../libexec/gcc/xtensa-esp32s2-elf/12.2.0/:/home/student/.platformio/packages/toolchain-xtensa-esp32s2/bin/../libexec/gcc/:/home/student/.platformio/packages/toolchain-xtensa-esp32s2/bin/../lib/gcc/xtensa-esp32s2-elf/12.2.0/../../../../xtensa-esp32s2-elf/bin/]
  ignore line: [LIBRARY_PATH=/home/student/.platformio/packages/toolchain-xtensa-esp32s2/bin/../lib/gcc/xtensa-esp32s2-elf/12.2.0/:/home/student/.platformio/packages/toolchain-xtensa-esp32s2/bin/../lib/gcc/:/home/student/.platformio/packages/toolchain-xtensa-esp32s2/bin/../lib/gcc/xtensa-esp32s2-elf/12.2.0/../../../../xtensa-esp32s2-elf/lib/]
  ignore line: [COLLECT_GCC_OPTIONS='-mlongcalls' '-v' '-o' 'cmTC_f8351' '-dumpdir' 'cmTC_f8351.']
  link line: [ /home/student/.platformio/packages/toolchain-xtensa-esp32s2/bin/../libexec/gcc/xtensa-esp32s2-elf/12.2.0/collect2 -plugin /home/student/.platformio/packages/toolchain-xtensa-esp32s2/bin/../libexec/gcc/xtensa-esp32s2-elf/12.2.0/liblto_plugin.so -plugin-opt=/home/student/.platformio/packages/toolchain-xtensa-esp32s2/bin/../libexec/gcc/xtensa-esp32s2-elf/12.2.0/lto-wrapper -plugin-opt=-fresolution=/tmp/ccZW3eEy.res -plugin-opt=-pass-through=-lgcc -plugin-opt=-pass-through=-lc -plugin-opt=-pass-through=-lnosys -plugin-opt=-pass-through=-lc -plugin-opt=-pass-through=-lgcc -o cmTC_f8351 /home/student/.platformio/packages/toolchain-xtensa-esp32s2/bin/../lib/gcc/xtensa-esp32s2-elf/12.2.0/../../../../xtensa-esp32s2-elf/lib/crt0.o /home/student/.platformio/packages/toolchain-xtensa-esp32s2/bin/../lib/gcc/xtensa-esp32s2-elf/12.2.0/crti.o /home/student/.platformio/packages/toolchain-xtensa-esp32s2/bin/../lib/gcc/xtensa-esp32s2-elf/12.2.0/crtbegin.o -L/home/student/.platformio/packages/toolchain-xtensa-esp32s2/bin/../lib/gcc/xtensa-esp32s2-elf/12.2.0 -L/home/student/.platformio/packages/toolchain-xtensa-esp32s2/bin/../lib/gcc -L/home/student/.platformio/packages/toolchain-xtensa-esp32s2/bin/../lib/gcc/xtensa-esp32s2-elf/12.2.0/../../../../xtensa-esp32s2-elf/lib CMakeFiles/cmTC_f8351.dir/CMakeCXXCompilerABI.cpp.obj -lstdc++ -lm -lgcc -lc -lnosys -lc -lgcc /home/student/.platformio/packages/toolchain-xtensa-esp32s2/bin/../lib/gcc/xtensa-esp32s2-elf/12.2.0/crtend.o /home/student/.platformio/packages/toolchain-xtensa-esp32s2/bin/../lib/gcc/xtensa-esp32s2-elf/12.2.0/crtn.o]
    arg [/home/student/.platformio/packages/toolchain-xtensa-esp32s2/bin/../libexec/gcc/xtensa-esp32s2-elf/12.2.0/collect2] ==> ignore
    arg [-plugin] ==> ignore
    arg [/home/student/.platformio/packages/toolchain-xtensa-esp32s2/bin/../libexec/gcc/xtensa-esp32s2-elf/12.2.0/liblto_plugin.so] ==> ignore
    arg [-plugin-opt=/home/student/.platformio/packages/toolchain-xtensa-esp32s2/bin/../libexec/gcc/xtensa-esp32s2-elf/12.2.0/lto-wrapper] ==> ignore
    arg [-plugin-opt=-fresolution=/tmp/ccZW3eEy.res] ==> ignore
    arg [-plugin-opt=-pass-through=-lgcc] ==> ignore
    arg [-plugin-opt=-pass-through=-lc] ==> ignore
    arg [-plugin-opt=-pass-through=-lnosys] ==> ignore
    arg [-plugin-opt=-pass-through=-lc] ==> ignore
    arg [-plugin-opt=-pass-through=-lgcc] ==> ignore
    arg [-o] ==> ignore
    arg [cmTC_f8351] ==> ignore
    arg [/home/student/.platformio/packages/toolchain-xtensa-esp32s2/bin/../lib/gcc/xtensa-esp32s2-elf/12.2.0/../../../../xtensa-esp32s2-elf/lib/crt0.o] ==> ignore
    arg [/home/student/.platformio/packages/toolchain-xtensa-esp32s2/bin/../lib/gcc/xtensa-esp32s2-elf/12.2.0/crti.o] ==> ignore
    arg [/home/student/.platformio/packages/toolchain-xtensa-esp32s2/bin/../lib/gcc/xtensa-esp32s2-elf/12.2.0/crtbegin.o] ==> ignore
    arg [-L/home/student/.platformio/packages/toolchain-xtensa-esp32s2/bin/../lib/gcc/xtensa-esp32s2-elf/12.2.0] ==> dir [/home/student/.platformio/packages/toolchain-xtensa-esp32s2/bin/../lib/gcc/xtensa-esp32s2-elf/12.2.0]
    arg [-L/home/student/.platformio/packages/toolchain-xtensa-esp32s2/bin/../lib/gcc] ==> dir [/home/student/.platformio/packages/toolchain-xtensa-esp32s2/bin/../lib/gcc]
    arg [-L/home/student/.platformio/packages/toolchain-xtensa-esp32s2/bin/../lib/gcc/xtensa-esp32s2-elf/12.2.0/../../../../xtensa-esp32s2-elf/lib] ==> dir [/home/student/.platformio/packages/toolchain-xtensa-esp32s2/bin/../lib/gcc/xtensa-esp32s2-elf/12.2.0/../../../../xtensa-esp32s2-elf/lib]
    arg [CMakeFiles/cmTC_f8351.dir/CMakeCXXCompilerABI.cpp.obj] ==> ignore
    arg [-lstdc++] ==> lib [stdc++]
    arg [-lm] ==> lib [m]
    arg [-lgcc] ==> lib [gcc]
    arg [-lc] ==> lib [c]
    arg [-lnosys] ==> lib [nosys]
    arg [-lc] ==> lib [c]
    arg [-lgcc] ==> lib [gcc]
    arg [/home/student/.platformio/packages/toolchain-xtensa-esp32s2/bin/../lib/gcc/xtensa-esp32s2-elf/12.2.0/crtend.o] ==> ignore
    arg [/home/student/.platformio/packages/toolchain-xtensa-esp32s2/bin/../lib/gcc/xtensa-esp32s2-elf/12.2.0/crtn.o] ==> ignore
  collapse library dir [/home/student/.platformio/packages/toolchain-xtensa-esp32s2/bin/../lib/gcc/xtensa-esp32s2-elf/12.2.0] ==> [/home/student/.platformio/packages/toolchain-xtensa-esp32s2/lib/gcc/xtensa-esp32s2-elf/12.2.0]
  collapse library dir [/home/student/.platformio/packages/toolchain-xtensa-esp32s2/bin/../lib/gcc] ==> [/home/student/.platformio/packages/toolchain-xtensa-esp32s2/lib/gcc]
  collapse library dir [/home/student/.platformio/packages/toolchain-xtensa-esp32s2/bin/../lib/gcc/xtensa-esp32s2-elf/12.2.0/../../../../xtensa-esp32s2-elf/lib] ==> [/home/student/.platformio/packages/toolchain-xtensa-esp32s2/xtensa-esp32s2-elf/lib]
  implicit libs: [stdc++;m;gcc;c;nosys;c;gcc]
  implicit dirs: [/home/student/.platformio/packages/toolchain-xtensa-esp32s2/lib/gcc/xtensa-esp32s2-elf/12.2.0;/home/student/.platformio/packages/toolchain-xtensa-esp32s2/lib/gcc;/home/student/.platformio/packages/toolchain-xtensa-esp32s2/xtensa-esp32s2-elf/lib]
  implicit fwks: []


Determining if the include file sys/types.h exists passed with the following output:
Change Dir: /home/student/Documents/PlatformIO/Projects/esps2/.pio/build/nodemcu-32s2/CMakeFiles/CMakeTmp

Run Build Command(s):/home/student/.platformio/packages/tool-ninja/ninja cmTC_6a5f2 && [1/2] Building C object CMakeFiles/cmTC_6a5f2.dir/CheckIncludeFile.c.obj
[2/2] Linking C executable cmTC_6a5f2



Determining if the include file stdint.h exists passed with the following output:
Change Dir: /home/student/Documents/PlatformIO/Projects/esps2/.pio/build/nodemcu-32s2/CMakeFiles/CMakeTmp

Run Build Command(s):/home/student/.platformio/packages/tool-ninja/ninja cmTC_4eeae && [1/2] Building C object CMakeFiles/cmTC_4eeae.dir/CheckIncludeFile.c.obj
[2/2] Linking C executable cmTC_4eeae



Determining if the include file stddef.h exists passed with the following output:
Change Dir: /home/student/Documents/PlatformIO/Projects/esps2/.pio/build/nodemcu-32s2/CMakeFiles/CMakeTmp

Run Build Command(s):/home/student/.platformio/packages/tool-ninja/ninja cmTC_e1a1d && [1/2] Building C object CMakeFiles/cmTC_e1a1d.dir/CheckIncludeFile.c.obj
[2/2] Linking C executable cmTC_e1a1d



Determining size of time_t passed with the following output:
Change Dir: /home/student/Documents/PlatformIO/Projects/esps2/.pio/build/nodemcu-32s2/CMakeFiles/CMakeTmp

Run Build Command(s):/home/student/.platformio/packages/tool-ninja/ninja cmTC_17160 && [1/2] Building C object CMakeFiles/cmTC_17160.dir/TIME_T_SIZE.c.obj
[2/2] Linking C executable cmTC_17160



Performing C SOURCE FILE Test C_COMPILER_SUPPORTS_WFORMAT_SIGNEDNESS succeeded with the following output:
Change Dir: /home/student/Documents/PlatformIO/Projects/esps2/.pio/build/nodemcu-32s2/CMakeFiles/CMakeTmp

Run Build Command(s):/home/student/.platformio/packages/tool-ninja/ninja cmTC_9d756 && [1/2] Building C object CMakeFiles/cmTC_9d756.dir/src.c.obj
[2/2] Linking C executable cmTC_9d756


Source file was:
int main(void) { return 0; }
